#
# There is insufficient memory for the Java Runtime Environment to continue.
# Native memory allocation (mmap) failed to map 105906176 bytes for G1 virtual space
# Possible reasons:
#   The system is out of physical RAM or swap space
#   The process is running with CompressedOops enabled, and the Java Heap may be blocking the growth of the native heap
# Possible solutions:
#   Reduce memory load on the system
#   Increase physical memory or swap space
#   Check if swap backing store is full
#   Decrease Java heap size (-Xmx/-Xms)
#   Decrease number of Java threads
#   Decrease Java thread stack sizes (-Xss)
#   Set larger code cache with -XX:ReservedCodeCacheSize=
#   JVM is running with Unscaled Compressed Oops mode in which the Java heap is
#     placed in the first 4GB address space. The Java Heap base address is the
#     maximum limit for the native heap growth. Please use -XX:HeapBaseMinAddress
#     to set the Java Heap base and to place the Java Heap above 4GB virtual address.
# This output file may be truncated or incomplete.
#
#  Out of Memory Error (os_windows.cpp:3527), pid=12684, tid=13672
#
# JRE version: Java(TM) SE Runtime Environment (19.0+36) (build 19+36-2238)
# Java VM: Java HotSpot(TM) 64-Bit Server VM (19+36-2238, mixed mode, sharing, tiered, compressed oops, compressed class ptrs, g1 gc, windows-amd64)
# No core dump will be written. Minidumps are not enabled by default on client versions of Windows
#

---------------  S U M M A R Y ------------

Command Line: -Dfile.encoding=UTF-8 -XX:+ShowCodeDetailsInExceptionMessages pattern

Host: Intel(R) Core(TM) i3-1005G1 CPU @ 1.20GHz, 4 cores, 3G,  Windows 10 , 64 bit Build 19041 (10.0.19041.5915)
Time: Tue Jul  1 15:17:01 2025 India Standard Time elapsed time: 5.486097 seconds (0d 0h 0m 5s)

---------------  T H R E A D  ---------------

Current thread (0x000001d6fba81690):  VMThread "VM Thread" [stack: 0x0000009574f00000,0x0000009575000000] [id=13672]

Stack: [0x0000009574f00000,0x0000009575000000]
Native frames: (J=compiled Java code, j=interpreted, Vv=VM code, C=native code)
V  [jvm.dll+0x6ee8fa]
V  [jvm.dll+0x857a1e]
V  [jvm.dll+0x85940e]
V  [jvm.dll+0x859ac3]
V  [jvm.dll+0x28291f]
V  [jvm.dll+0x6eb6e9]
V  [jvm.dll+0x6e028a]
V  [jvm.dll+0x357136]
V  [jvm.dll+0x35eb96]
V  [jvm.dll+0x3b555e]
V  [jvm.dll+0x3b578f]
V  [jvm.dll+0x32c6ea]
V  [jvm.dll+0x32c797]
V  [jvm.dll+0x374b52]
V  [jvm.dll+0x37328f]
V  [jvm.dll+0x32bf10]
V  [jvm.dll+0x37282b]
V  [jvm.dll+0x85ef83]
V  [jvm.dll+0x85fd49]
V  [jvm.dll+0x86027d]
V  [jvm.dll+0x86070b]
V  [jvm.dll+0x8607c7]
V  [jvm.dll+0x8015fa]
V  [jvm.dll+0x6ed5eb]
C  [ucrtbase.dll+0x21bb2]
C  [KERNEL32.DLL+0x17374]
C  [ntdll.dll+0x4cc91]

VM_Operation (0x00000095749fdc70): G1CollectForAllocation, mode: safepoint, requested by thread 0x000001d6fb9c1430


---------------  P R O C E S S  ---------------

Threads class SMR info:
_java_thread_list=0x000001d69b4482b0, length=12, elements={
0x000001d6fb9c1430, 0x000001d6971d83f0, 0x000001d6971dbdf0, 0x000001d6971dd960,
0x000001d6971df2a0, 0x000001d6971e0650, 0x000001d6971e4f00, 0x000001d6971e9600,
0x000001d697251650, 0x000001d69725a950, 0x000001d69b46f500, 0x000001d69b47e710
}

Java Threads: ( => current thread )
  0x000001d6fb9c1430 JavaThread "main" [_thread_blocked, id=18196, stack(0x0000009574900000,0x0000009574a00000)]
  0x000001d6971d83f0 JavaThread "Reference Handler" daemon [_thread_blocked, id=7644, stack(0x0000009575000000,0x0000009575100000)]
  0x000001d6971dbdf0 JavaThread "Finalizer" daemon [_thread_blocked, id=16328, stack(0x0000009575100000,0x0000009575200000)]
  0x000001d6971dd960 JavaThread "Signal Dispatcher" daemon [_thread_blocked, id=10748, stack(0x0000009575200000,0x0000009575300000)]
  0x000001d6971df2a0 JavaThread "Attach Listener" daemon [_thread_blocked, id=11112, stack(0x0000009575300000,0x0000009575400000)]
  0x000001d6971e0650 JavaThread "Service Thread" daemon [_thread_blocked, id=12792, stack(0x0000009575400000,0x0000009575500000)]
  0x000001d6971e4f00 JavaThread "Monitor Deflation Thread" daemon [_thread_blocked, id=3884, stack(0x0000009575500000,0x0000009575600000)]
  0x000001d6971e9600 JavaThread "C2 CompilerThread0" daemon [_thread_blocked, id=4396, stack(0x0000009575600000,0x0000009575700000)]
  0x000001d697251650 JavaThread "C1 CompilerThread0" daemon [_thread_blocked, id=14308, stack(0x0000009575700000,0x0000009575800000)]
  0x000001d69725a950 JavaThread "Sweeper thread" daemon [_thread_blocked, id=6284, stack(0x0000009575800000,0x0000009575900000)]
  0x000001d69b46f500 JavaThread "Notification Thread" daemon [_thread_blocked, id=18468, stack(0x0000009575900000,0x0000009575a00000)]
  0x000001d69b47e710 JavaThread "Common-Cleaner" daemon [_thread_blocked, id=17468, stack(0x0000009575b00000,0x0000009575c00000)]

Other Threads:
=>0x000001d6fba81690 VMThread "VM Thread" [stack: 0x0000009574f00000,0x0000009575000000] [id=13672]
  0x000001d69b474270 WatcherThread "VM Periodic Task Thread" [stack: 0x0000009575a00000,0x0000009575b00000] [id=1952]
  0x000001d6fb9ffde0 WorkerThread "GC Thread#0" [stack: 0x0000009574a00000,0x0000009574b00000] [id=12228]
  0x000001d69b4885d0 WorkerThread "GC Thread#1" [stack: 0x0000009575c00000,0x0000009575d00000] [id=10144]
  0x000001d6fba095a0 ConcurrentGCThread "G1 Main Marker" [stack: 0x0000009574b00000,0x0000009574c00000] [id=14248]
  0x000001d6fba0d180 WorkerThread "G1 Conc#0" [stack: 0x0000009574c00000,0x0000009574d00000] [id=18096]
  0x000001d6fba5ed80 ConcurrentGCThread "G1 Refine#0" [stack: 0x0000009574d00000,0x0000009574e00000] [id=19192]
  0x000001d6fba60110 ConcurrentGCThread "G1 Service" [stack: 0x0000009574e00000,0x0000009574f00000] [id=14856]

Threads with active compile tasks:

VM state: at safepoint (normal execution)

VM Mutex/Monitor currently owned by a thread:  ([mutex/lock_event])
[0x000001d6fb9bac30] Threads_lock - owner thread: 0x000001d6fba81690
[0x000001d6fb9bb4a0] Heap_lock - owner thread: 0x000001d6fb9c1430

Heap address: 0x00000000c3600000, size: 970 MB, Compressed Oops mode: 32-bit

CDS archive(s) mapped at: [0x0000000800000000-0x0000000800c40000-0x0000000800c40000), size 12845056, SharedBaseAddress: 0x0000000800000000, ArchiveRelocationMode: 0.
Compressed class space mapped at: 0x0000000801000000-0x0000000841000000, reserved size: 1073741824
Narrow klass base: 0x0000000800000000, Narrow klass shift: 0, Narrow klass range: 0x100000000

GC Precious Log:
 CardTable entry size: 512
 Card Set container configuration: InlinePtr #cards 5 size 8 Array Of Cards #cards 12 size 40 Howl #buckets 4 coarsen threshold 1843 Howl Bitmap #cards 512 size 80 coarsen threshold 460 Card regions per heap region 1 cards per card region 2048
 CPUs: 4 total, 4 available
 Memory: 3877M
 Large Page Support: Disabled
 NUMA Support: Disabled
 Compressed Oops: Enabled (32-bit)
 Heap Region Size: 1M
 Heap Min Capacity: 8M
 Heap Initial Capacity: 62M
 Heap Max Capacity: 970M
 Pre-touch: Disabled
 Parallel Workers: 4
 Concurrent Workers: 1
 Concurrent Refinement Workers: 4
 Periodic GC: Disabled

Heap:
 garbage-first heap   total 103424K, used 629K [0x00000000c3600000, 0x0000000100000000)
  region size 1024K, 1 young (1024K), 1 survivors (1024K)
 Metaspace       used 153K, committed 384K, reserved 1114112K
  class space    used 4K, committed 128K, reserved 1048576K

Heap Regions: E=young(eden), S=young(survivor), O=old, HS=humongous(starts), HC=humongous(continues), CS=collection set, F=free, OA=open archive, CA=closed archive, TAMS=top-at-mark-start (previous, next)
|   0|0x00000000c3600000, 0x00000000c3600000, 0x00000000c3700000|  0%| F|  |TAMS 0x00000000c3600000, 0x00000000c3600000| Untracked 
|   1|0x00000000c3700000, 0x00000000c3700000, 0x00000000c3800000|  0%| F|  |TAMS 0x00000000c3700000, 0x00000000c3700000| Untracked 
|   2|0x00000000c3800000, 0x00000000c3800000, 0x00000000c3900000|  0%| F|  |TAMS 0x00000000c3800000, 0x00000000c3800000| Untracked 
|   3|0x00000000c3900000, 0x00000000c3900000, 0x00000000c3a00000|  0%| F|  |TAMS 0x00000000c3900000, 0x00000000c3900000| Untracked 
|   4|0x00000000c3a00000, 0x00000000c3a00000, 0x00000000c3b00000|  0%| F|  |TAMS 0x00000000c3a00000, 0x00000000c3a00000| Untracked 
|   5|0x00000000c3b00000, 0x00000000c3b00000, 0x00000000c3c00000|  0%| F|  |TAMS 0x00000000c3b00000, 0x00000000c3b00000| Untracked 
|   6|0x00000000c3c00000, 0x00000000c3c00000, 0x00000000c3d00000|  0%| F|  |TAMS 0x00000000c3c00000, 0x00000000c3c00000| Untracked 
|   7|0x00000000c3d00000, 0x00000000c3d00000, 0x00000000c3e00000|  0%| F|  |TAMS 0x00000000c3d00000, 0x00000000c3d00000| Untracked 
|   8|0x00000000c3e00000, 0x00000000c3e00000, 0x00000000c3f00000|  0%| F|  |TAMS 0x00000000c3e00000, 0x00000000c3e00000| Untracked 
|   9|0x00000000c3f00000, 0x00000000c3f00000, 0x00000000c4000000|  0%| F|  |TAMS 0x00000000c3f00000, 0x00000000c3f00000| Untracked 
|  10|0x00000000c4000000, 0x00000000c4000000, 0x00000000c4100000|  0%| F|  |TAMS 0x00000000c4000000, 0x00000000c4000000| Untracked 
|  11|0x00000000c4100000, 0x00000000c4100000, 0x00000000c4200000|  0%| F|  |TAMS 0x00000000c4100000, 0x00000000c4100000| Untracked 
|  12|0x00000000c4200000, 0x00000000c4200000, 0x00000000c4300000|  0%| F|  |TAMS 0x00000000c4200000, 0x00000000c4200000| Untracked 
|  13|0x00000000c4300000, 0x00000000c4300000, 0x00000000c4400000|  0%| F|  |TAMS 0x00000000c4300000, 0x00000000c4300000| Untracked 
|  14|0x00000000c4400000, 0x00000000c4400000, 0x00000000c4500000|  0%| F|  |TAMS 0x00000000c4400000, 0x00000000c4400000| Untracked 
|  15|0x00000000c4500000, 0x00000000c4500000, 0x00000000c4600000|  0%| F|  |TAMS 0x00000000c4500000, 0x00000000c4500000| Untracked 
|  16|0x00000000c4600000, 0x00000000c4600000, 0x00000000c4700000|  0%| F|  |TAMS 0x00000000c4600000, 0x00000000c4600000| Untracked 
|  17|0x00000000c4700000, 0x00000000c4700000, 0x00000000c4800000|  0%| F|  |TAMS 0x00000000c4700000, 0x00000000c4700000| Untracked 
|  18|0x00000000c4800000, 0x00000000c4800000, 0x00000000c4900000|  0%| F|  |TAMS 0x00000000c4800000, 0x00000000c4800000| Untracked 
|  19|0x00000000c4900000, 0x00000000c4900000, 0x00000000c4a00000|  0%| F|  |TAMS 0x00000000c4900000, 0x00000000c4900000| Untracked 
|  20|0x00000000c4a00000, 0x00000000c4a00000, 0x00000000c4b00000|  0%| F|  |TAMS 0x00000000c4a00000, 0x00000000c4a00000| Untracked 
|  21|0x00000000c4b00000, 0x00000000c4b00000, 0x00000000c4c00000|  0%| F|  |TAMS 0x00000000c4b00000, 0x00000000c4b00000| Untracked 
|  22|0x00000000c4c00000, 0x00000000c4c00000, 0x00000000c4d00000|  0%| F|  |TAMS 0x00000000c4c00000, 0x00000000c4c00000| Untracked 
|  23|0x00000000c4d00000, 0x00000000c4d00000, 0x00000000c4e00000|  0%| F|  |TAMS 0x00000000c4d00000, 0x00000000c4d00000| Untracked 
|  24|0x00000000c4e00000, 0x00000000c4e00000, 0x00000000c4f00000|  0%| F|  |TAMS 0x00000000c4e00000, 0x00000000c4e00000| Untracked 
|  25|0x00000000c4f00000, 0x00000000c4f00000, 0x00000000c5000000|  0%| F|  |TAMS 0x00000000c4f00000, 0x00000000c4f00000| Untracked 
|  26|0x00000000c5000000, 0x00000000c5000000, 0x00000000c5100000|  0%| F|  |TAMS 0x00000000c5000000, 0x00000000c5000000| Untracked 
|  27|0x00000000c5100000, 0x00000000c5100000, 0x00000000c5200000|  0%| F|  |TAMS 0x00000000c5100000, 0x00000000c5100000| Untracked 
|  28|0x00000000c5200000, 0x00000000c5200000, 0x00000000c5300000|  0%| F|  |TAMS 0x00000000c5200000, 0x00000000c5200000| Untracked 
|  29|0x00000000c5300000, 0x00000000c5300000, 0x00000000c5400000|  0%| F|  |TAMS 0x00000000c5300000, 0x00000000c5300000| Untracked 
|  30|0x00000000c5400000, 0x00000000c5400000, 0x00000000c5500000|  0%| F|  |TAMS 0x00000000c5400000, 0x00000000c5400000| Untracked 
|  31|0x00000000c5500000, 0x00000000c5500000, 0x00000000c5600000|  0%| F|  |TAMS 0x00000000c5500000, 0x00000000c5500000| Untracked 
|  32|0x00000000c5600000, 0x00000000c5600000, 0x00000000c5700000|  0%| F|  |TAMS 0x00000000c5600000, 0x00000000c5600000| Untracked 
|  33|0x00000000c5700000, 0x00000000c5700000, 0x00000000c5800000|  0%| F|  |TAMS 0x00000000c5700000, 0x00000000c5700000| Untracked 
|  34|0x00000000c5800000, 0x00000000c5800000, 0x00000000c5900000|  0%| F|  |TAMS 0x00000000c5800000, 0x00000000c5800000| Untracked 
|  35|0x00000000c5900000, 0x00000000c5900000, 0x00000000c5a00000|  0%| F|  |TAMS 0x00000000c5900000, 0x00000000c5900000| Untracked 
|  36|0x00000000c5a00000, 0x00000000c5a00000, 0x00000000c5b00000|  0%| F|  |TAMS 0x00000000c5a00000, 0x00000000c5a00000| Untracked 
|  37|0x00000000c5b00000, 0x00000000c5b00000, 0x00000000c5c00000|  0%| F|  |TAMS 0x00000000c5b00000, 0x00000000c5b00000| Untracked 
|  38|0x00000000c5c00000, 0x00000000c5c00000, 0x00000000c5d00000|  0%| F|  |TAMS 0x00000000c5c00000, 0x00000000c5c00000| Untracked 
|  39|0x00000000c5d00000, 0x00000000c5d00000, 0x00000000c5e00000|  0%| F|  |TAMS 0x00000000c5d00000, 0x00000000c5d00000| Untracked 
|  40|0x00000000c5e00000, 0x00000000c5e00000, 0x00000000c5f00000|  0%| F|  |TAMS 0x00000000c5e00000, 0x00000000c5e00000| Untracked 
|  41|0x00000000c5f00000, 0x00000000c5f9d7c0, 0x00000000c6000000| 61%| S|CS|TAMS 0x00000000c5f00000, 0x00000000c5f00000| Complete 
|  42|0x00000000c6000000, 0x00000000c6000000, 0x00000000c6100000|  0%| F|  |TAMS 0x00000000c6000000, 0x00000000c6000000| Untracked 
|  43|0x00000000c6100000, 0x00000000c6100000, 0x00000000c6200000|  0%| F|  |TAMS 0x00000000c6100000, 0x00000000c6100000| Untracked 
|  44|0x00000000c6200000, 0x00000000c6200000, 0x00000000c6300000|  0%| F|  |TAMS 0x00000000c6200000, 0x00000000c6200000| Untracked 
|  45|0x00000000c6300000, 0x00000000c6300000, 0x00000000c6400000|  0%| F|  |TAMS 0x00000000c6300000, 0x00000000c6300000| Untracked 
|  46|0x00000000c6400000, 0x00000000c6400000, 0x00000000c6500000|  0%| F|  |TAMS 0x00000000c6400000, 0x00000000c6400000| Untracked 
|  47|0x00000000c6500000, 0x00000000c6500000, 0x00000000c6600000|  0%| F|  |TAMS 0x00000000c6500000, 0x00000000c6500000| Untracked 
|  48|0x00000000c6600000, 0x00000000c6600000, 0x00000000c6700000|  0%| F|  |TAMS 0x00000000c6600000, 0x00000000c6600000| Untracked 
|  49|0x00000000c6700000, 0x00000000c6700000, 0x00000000c6800000|  0%| F|  |TAMS 0x00000000c6700000, 0x00000000c6700000| Untracked 
|  50|0x00000000c6800000, 0x00000000c6800000, 0x00000000c6900000|  0%| F|  |TAMS 0x00000000c6800000, 0x00000000c6800000| Untracked 
|  51|0x00000000c6900000, 0x00000000c6900000, 0x00000000c6a00000|  0%| F|  |TAMS 0x00000000c6900000, 0x00000000c6900000| Untracked 
|  52|0x00000000c6a00000, 0x00000000c6a00000, 0x00000000c6b00000|  0%| F|  |TAMS 0x00000000c6a00000, 0x00000000c6a00000| Untracked 
|  53|0x00000000c6b00000, 0x00000000c6b00000, 0x00000000c6c00000|  0%| F|  |TAMS 0x00000000c6b00000, 0x00000000c6b00000| Untracked 
|  54|0x00000000c6c00000, 0x00000000c6c00000, 0x00000000c6d00000|  0%| F|  |TAMS 0x00000000c6c00000, 0x00000000c6c00000| Untracked 
|  55|0x00000000c6d00000, 0x00000000c6d00000, 0x00000000c6e00000|  0%| F|  |TAMS 0x00000000c6d00000, 0x00000000c6d00000| Untracked 
|  56|0x00000000c6e00000, 0x00000000c6e00000, 0x00000000c6f00000|  0%| F|  |TAMS 0x00000000c6e00000, 0x00000000c6e00000| Untracked 
|  57|0x00000000c6f00000, 0x00000000c6f00000, 0x00000000c7000000|  0%| F|  |TAMS 0x00000000c6f00000, 0x00000000c6f00000| Untracked 
|  58|0x00000000c7000000, 0x00000000c7000000, 0x00000000c7100000|  0%| F|  |TAMS 0x00000000c7000000, 0x00000000c7000000| Untracked 
|  59|0x00000000c7100000, 0x00000000c7100000, 0x00000000c7200000|  0%| F|  |TAMS 0x00000000c7100000, 0x00000000c7100000| Untracked 
|  60|0x00000000c7200000, 0x00000000c7200000, 0x00000000c7300000|  0%| F|  |TAMS 0x00000000c7200000, 0x00000000c7200000| Untracked 
|  61|0x00000000c7300000, 0x00000000c7300000, 0x00000000c7400000|  0%| F|  |TAMS 0x00000000c7300000, 0x00000000c7300000| Untracked 
|  62|0x00000000c7400000, 0x00000000c7400000, 0x00000000c7500000|  0%| F|  |TAMS 0x00000000c7400000, 0x00000000c7400000| Untracked 
|  63|0x00000000c7500000, 0x00000000c7500000, 0x00000000c7600000|  0%| F|  |TAMS 0x00000000c7500000, 0x00000000c7500000| Untracked 
|  64|0x00000000c7600000, 0x00000000c7600000, 0x00000000c7700000|  0%| F|  |TAMS 0x00000000c7600000, 0x00000000c7600000| Untracked 
|  65|0x00000000c7700000, 0x00000000c7700000, 0x00000000c7800000|  0%| F|  |TAMS 0x00000000c7700000, 0x00000000c7700000| Untracked 
|  66|0x00000000c7800000, 0x00000000c7800000, 0x00000000c7900000|  0%| F|  |TAMS 0x00000000c7800000, 0x00000000c7800000| Untracked 
|  67|0x00000000c7900000, 0x00000000c7900000, 0x00000000c7a00000|  0%| F|  |TAMS 0x00000000c7900000, 0x00000000c7900000| Untracked 
|  68|0x00000000c7a00000, 0x00000000c7a00000, 0x00000000c7b00000|  0%| F|  |TAMS 0x00000000c7a00000, 0x00000000c7a00000| Untracked 
|  69|0x00000000c7b00000, 0x00000000c7b00000, 0x00000000c7c00000|  0%| F|  |TAMS 0x00000000c7b00000, 0x00000000c7b00000| Untracked 
|  70|0x00000000c7c00000, 0x00000000c7c00000, 0x00000000c7d00000|  0%| F|  |TAMS 0x00000000c7c00000, 0x00000000c7c00000| Untracked 
|  71|0x00000000c7d00000, 0x00000000c7d00000, 0x00000000c7e00000|  0%| F|  |TAMS 0x00000000c7d00000, 0x00000000c7d00000| Untracked 
|  72|0x00000000c7e00000, 0x00000000c7e00000, 0x00000000c7f00000|  0%| F|  |TAMS 0x00000000c7e00000, 0x00000000c7e00000| Untracked 
|  73|0x00000000c7f00000, 0x00000000c7f00000, 0x00000000c8000000|  0%| F|  |TAMS 0x00000000c7f00000, 0x00000000c7f00000| Untracked 
|  74|0x00000000c8000000, 0x00000000c8000000, 0x00000000c8100000|  0%| F|  |TAMS 0x00000000c8000000, 0x00000000c8000000| Untracked 
|  75|0x00000000c8100000, 0x00000000c8100000, 0x00000000c8200000|  0%| F|  |TAMS 0x00000000c8100000, 0x00000000c8100000| Untracked 
|  76|0x00000000c8200000, 0x00000000c8200000, 0x00000000c8300000|  0%| F|  |TAMS 0x00000000c8200000, 0x00000000c8200000| Untracked 
|  77|0x00000000c8300000, 0x00000000c8300000, 0x00000000c8400000|  0%| F|  |TAMS 0x00000000c8300000, 0x00000000c8300000| Untracked 
|  78|0x00000000c8400000, 0x00000000c8400000, 0x00000000c8500000|  0%| F|  |TAMS 0x00000000c8400000, 0x00000000c8400000| Untracked 
|  79|0x00000000c8500000, 0x00000000c8500000, 0x00000000c8600000|  0%| F|  |TAMS 0x00000000c8500000, 0x00000000c8500000| Untracked 
|  80|0x00000000c8600000, 0x00000000c8600000, 0x00000000c8700000|  0%| F|  |TAMS 0x00000000c8600000, 0x00000000c8600000| Untracked 
|  81|0x00000000c8700000, 0x00000000c8700000, 0x00000000c8800000|  0%| F|  |TAMS 0x00000000c8700000, 0x00000000c8700000| Untracked 
|  82|0x00000000c8800000, 0x00000000c8800000, 0x00000000c8900000|  0%| F|  |TAMS 0x00000000c8800000, 0x00000000c8800000| Untracked 
|  83|0x00000000c8900000, 0x00000000c8900000, 0x00000000c8a00000|  0%| F|  |TAMS 0x00000000c8900000, 0x00000000c8900000| Untracked 
|  84|0x00000000c8a00000, 0x00000000c8a00000, 0x00000000c8b00000|  0%| F|  |TAMS 0x00000000c8a00000, 0x00000000c8a00000| Untracked 
|  85|0x00000000c8b00000, 0x00000000c8b00000, 0x00000000c8c00000|  0%| F|  |TAMS 0x00000000c8b00000, 0x00000000c8b00000| Untracked 
|  86|0x00000000c8c00000, 0x00000000c8c00000, 0x00000000c8d00000|  0%| F|  |TAMS 0x00000000c8c00000, 0x00000000c8c00000| Untracked 
|  87|0x00000000c8d00000, 0x00000000c8d00000, 0x00000000c8e00000|  0%| F|  |TAMS 0x00000000c8d00000, 0x00000000c8d00000| Untracked 
|  88|0x00000000c8e00000, 0x00000000c8e00000, 0x00000000c8f00000|  0%| F|  |TAMS 0x00000000c8e00000, 0x00000000c8e00000| Untracked 
|  89|0x00000000c8f00000, 0x00000000c8f00000, 0x00000000c9000000|  0%| F|  |TAMS 0x00000000c8f00000, 0x00000000c8f00000| Untracked 
|  90|0x00000000c9000000, 0x00000000c9000000, 0x00000000c9100000|  0%| F|  |TAMS 0x00000000c9000000, 0x00000000c9000000| Untracked 
|  91|0x00000000c9100000, 0x00000000c9100000, 0x00000000c9200000|  0%| F|  |TAMS 0x00000000c9100000, 0x00000000c9100000| Untracked 
|  92|0x00000000c9200000, 0x00000000c9200000, 0x00000000c9300000|  0%| F|  |TAMS 0x00000000c9200000, 0x00000000c9200000| Untracked 
|  93|0x00000000c9300000, 0x00000000c9300000, 0x00000000c9400000|  0%| F|  |TAMS 0x00000000c9300000, 0x00000000c9300000| Untracked 
|  94|0x00000000c9400000, 0x00000000c9400000, 0x00000000c9500000|  0%| F|  |TAMS 0x00000000c9400000, 0x00000000c9400000| Untracked 
|  95|0x00000000c9500000, 0x00000000c9500000, 0x00000000c9600000|  0%| F|  |TAMS 0x00000000c9500000, 0x00000000c9500000| Untracked 
|  96|0x00000000c9600000, 0x00000000c9600000, 0x00000000c9700000|  0%| F|  |TAMS 0x00000000c9600000, 0x00000000c9600000| Untracked 
|  97|0x00000000c9700000, 0x00000000c9700000, 0x00000000c9800000|  0%| F|  |TAMS 0x00000000c9700000, 0x00000000c9700000| Untracked 
|  98|0x00000000c9800000, 0x00000000c9800000, 0x00000000c9900000|  0%| F|  |TAMS 0x00000000c9800000, 0x00000000c9800000| Untracked 
|  99|0x00000000c9900000, 0x00000000c9900000, 0x00000000c9a00000|  0%| F|  |TAMS 0x00000000c9900000, 0x00000000c9900000| Untracked 
| 100|0x00000000c9a00000, 0x00000000c9a00000, 0x00000000c9b00000|  0%| F|  |TAMS 0x00000000c9a00000, 0x00000000c9a00000| Untracked 

Card table byte_map: [0x000001d6fbc80000,0x000001d6fbe70000] _byte_map_base: 0x000001d6fb665000

Marking Bits (Prev, Next): (CMBitMap*) 0x000001d6fba01330, (CMBitMap*) 0x000001d6fba01370
 Prev Bits: [0x000001d6fc060000, 0x000001d6fcf88000)
 Next Bits: [0x000001d6fcf90000, 0x000001d6fdeb8000)

Polling page: 0x000001d6f9930000

Metaspace:

Usage:
  Non-class:    149.85 KB used.
      Class:      4.00 KB used.
       Both:    153.85 KB used.

Virtual space:
  Non-class space:       64.00 MB reserved,     256.00 KB ( <1%) committed,  1 nodes.
      Class space:        1.00 GB reserved,     128.00 KB ( <1%) committed,  1 nodes.
             Both:        1.06 GB reserved,     384.00 KB ( <1%) committed. 

Chunk freelists:
   Non-Class:  4.00 MB
       Class:  3.75 MB
        Both:  7.74 MB

MaxMetaspaceSize: unlimited
CompressedClassSpaceSize: 1.00 GB
Initial GC threshold: 21.00 MB
Current GC threshold: 21.00 MB
CDS: on
MetaspaceReclaimPolicy: balanced
 - commit_granule_bytes: 65536.
 - commit_granule_words: 8192.
 - virtual_space_node_default_size: 8388608.
 - enlarge_chunks_in_place: 1.
 - new_chunks_are_fully_committed: 0.
 - uncommit_free_chunks: 1.
 - use_allocation_guard: 0.


Internal statistics:

num_allocs_failed_limit: 0.
num_arena_births: 4.
num_arena_deaths: 0.
num_vsnodes_births: 2.
num_vsnodes_deaths: 0.
num_space_committed: 6.
num_space_uncommitted: 0.
num_chunks_returned_to_freelist: 0.
num_chunks_taken_from_freelist: 5.
num_chunk_merges: 0.
num_chunk_splits: 2.
num_chunks_enlarged: 0.
num_inconsistent_stats: 0.

CodeHeap 'non-profiled nmethods': size=120000Kb used=39Kb max_used=39Kb free=119961Kb
 bounds [0x000001d68f960000, 0x000001d68fbd0000, 0x000001d696e90000]
CodeHeap 'profiled nmethods': size=120000Kb used=118Kb max_used=118Kb free=119881Kb
 bounds [0x000001d687e90000, 0x000001d688100000, 0x000001d68f3c0000]
CodeHeap 'non-nmethods': size=5760Kb used=1140Kb max_used=1155Kb free=4620Kb
 bounds [0x000001d68f3c0000, 0x000001d68f630000, 0x000001d68f960000]
 total_blobs=405 nmethods=106 adapters=210
 compilation: enabled
              stopped_count=0, restarted_count=0
 full_count=0

Compilation events (20 events):
Event: 3.156 Thread 0x000001d6971e9600   97       4       java.lang.StringBuilder::append (8 bytes)
Event: 3.162 Thread 0x000001d6971e9600 nmethod 97 0x000001d68f965210 code [0x000001d68f9653c0, 0x000001d68f965778]
Event: 3.162 Thread 0x000001d6971e9600   98       4       java.lang.AbstractStringBuilder::append (45 bytes)
Event: 3.169 Thread 0x000001d6971e9600 nmethod 98 0x000001d68f965a90 code [0x000001d68f965c40, 0x000001d68f965ff8]
Event: 3.169 Thread 0x000001d6971e9600  101       4       java.lang.String::length (11 bytes)
Event: 3.169 Thread 0x000001d6971e9600 nmethod 101 0x000001d68f966310 code [0x000001d68f9664a0, 0x000001d68f966538]
Event: 3.169 Thread 0x000001d6971e9600   99       4       java.lang.StringBuilder::append (8 bytes)
Event: 3.173 Thread 0x000001d6971e9600 nmethod 99 0x000001d68f966610 code [0x000001d68f9667c0, 0x000001d68f966a38]
Event: 3.173 Thread 0x000001d6971e9600  100       4       java.lang.AbstractStringBuilder::append (77 bytes)
Event: 3.177 Thread 0x000001d6971e9600 nmethod 100 0x000001d68f966c10 code [0x000001d68f966dc0, 0x000001d68f967058]
Event: 3.344 Thread 0x000001d6971e9600  102       4       java.util.Arrays::copyOfRange (64 bytes)
Event: 3.349 Thread 0x000001d6971e9600 nmethod 102 0x000001d68f967210 code [0x000001d68f9673a0, 0x000001d68f9676d8]
Event: 3.349 Thread 0x000001d6971e9600  103       4       java.lang.StringBuilder::toString (9 bytes)
Event: 3.358 Thread 0x000001d6971e9600 nmethod 103 0x000001d68f967810 code [0x000001d68f9679a0, 0x000001d68f967e38]
Event: 3.358 Thread 0x000001d6971e9600  104       4       java.lang.String::valueOf (15 bytes)
Event: 3.359 Thread 0x000001d6971e9600 nmethod 104 0x000001d68f968090 code [0x000001d68f968220, 0x000001d68f9682b8]
Event: 3.376 Thread 0x000001d6971e9600  105       4       java.lang.StringBuilder::<init> (6 bytes)
Event: 3.392 Thread 0x000001d6971e9600 nmethod 105 0x000001d68f968390 code [0x000001d68f968540, 0x000001d68f968bd8]
Event: 3.392 Thread 0x000001d6971e9600  106       4       java.lang.AbstractStringBuilder::<init> (63 bytes)
Event: 3.405 Thread 0x000001d6971e9600 nmethod 106 0x000001d68f969010 code [0x000001d68f9691c0, 0x000001d68f969818]

GC Heap History (20 events):
Event: 3.364 GC heap after
{Heap after GC invocations=4 (full 0):
 garbage-first heap   total 63488K, used 552K [0x00000000c3600000, 0x0000000100000000)
  region size 1024K, 1 young (1024K), 1 survivors (1024K)
 Metaspace       used 153K, committed 384K, reserved 1114112K
  class space    used 4K, committed 128K, reserved 1048576K
}
Event: 3.383 GC heap before
{Heap before GC invocations=4 (full 0):
 garbage-first heap   total 63488K, used 36392K [0x00000000c3600000, 0x0000000100000000)
  region size 1024K, 37 young (37888K), 1 survivors (1024K)
 Metaspace       used 153K, committed 384K, reserved 1114112K
  class space    used 4K, committed 128K, reserved 1048576K
}
Event: 3.388 GC heap after
{Heap after GC invocations=5 (full 0):
 garbage-first heap   total 103424K, used 533K [0x00000000c3600000, 0x0000000100000000)
  region size 1024K, 1 young (1024K), 1 survivors (1024K)
 Metaspace       used 153K, committed 384K, reserved 1114112K
  class space    used 4K, committed 128K, reserved 1048576K
}
Event: 3.949 GC heap before
{Heap before GC invocations=5 (full 0):
 garbage-first heap   total 103424K, used 59925K [0x00000000c3600000, 0x0000000100000000)
  region size 1024K, 60 young (61440K), 1 survivors (1024K)
 Metaspace       used 153K, committed 384K, reserved 1114112K
  class space    used 4K, committed 128K, reserved 1048576K
}
Event: 3.951 GC heap after
{Heap after GC invocations=6 (full 0):
 garbage-first heap   total 103424K, used 611K [0x00000000c3600000, 0x0000000100000000)
  region size 1024K, 1 young (1024K), 1 survivors (1024K)
 Metaspace       used 153K, committed 384K, reserved 1114112K
  class space    used 4K, committed 128K, reserved 1048576K
}
Event: 3.987 GC heap before
{Heap before GC invocations=6 (full 0):
 garbage-first heap   total 103424K, used 60003K [0x00000000c3600000, 0x0000000100000000)
  region size 1024K, 60 young (61440K), 1 survivors (1024K)
 Metaspace       used 153K, committed 384K, reserved 1114112K
  class space    used 4K, committed 128K, reserved 1048576K
}
Event: 3.989 GC heap after
{Heap after GC invocations=7 (full 0):
 garbage-first heap   total 103424K, used 554K [0x00000000c3600000, 0x0000000100000000)
  region size 1024K, 1 young (1024K), 1 survivors (1024K)
 Metaspace       used 153K, committed 384K, reserved 1114112K
  class space    used 4K, committed 128K, reserved 1048576K
}
Event: 4.215 GC heap before
{Heap before GC invocations=7 (full 0):
 garbage-first heap   total 103424K, used 59946K [0x00000000c3600000, 0x0000000100000000)
  region size 1024K, 60 young (61440K), 1 survivors (1024K)
 Metaspace       used 153K, committed 384K, reserved 1114112K
  class space    used 4K, committed 128K, reserved 1048576K
}
Event: 4.216 GC heap after
{Heap after GC invocations=8 (full 0):
 garbage-first heap   total 103424K, used 589K [0x00000000c3600000, 0x0000000100000000)
  region size 1024K, 1 young (1024K), 1 survivors (1024K)
 Metaspace       used 153K, committed 384K, reserved 1114112K
  class space    used 4K, committed 128K, reserved 1048576K
}
Event: 4.377 GC heap before
{Heap before GC invocations=8 (full 0):
 garbage-first heap   total 103424K, used 59981K [0x00000000c3600000, 0x0000000100000000)
  region size 1024K, 60 young (61440K), 1 survivors (1024K)
 Metaspace       used 153K, committed 384K, reserved 1114112K
  class space    used 4K, committed 128K, reserved 1048576K
}
Event: 4.378 GC heap after
{Heap after GC invocations=9 (full 0):
 garbage-first heap   total 103424K, used 584K [0x00000000c3600000, 0x0000000100000000)
  region size 1024K, 1 young (1024K), 1 survivors (1024K)
 Metaspace       used 153K, committed 384K, reserved 1114112K
  class space    used 4K, committed 128K, reserved 1048576K
}
Event: 4.399 GC heap before
{Heap before GC invocations=9 (full 0):
 garbage-first heap   total 103424K, used 59976K [0x00000000c3600000, 0x0000000100000000)
  region size 1024K, 60 young (61440K), 1 survivors (1024K)
 Metaspace       used 153K, committed 384K, reserved 1114112K
  class space    used 4K, committed 128K, reserved 1048576K
}
Event: 4.401 GC heap after
{Heap after GC invocations=10 (full 0):
 garbage-first heap   total 103424K, used 599K [0x00000000c3600000, 0x0000000100000000)
  region size 1024K, 1 young (1024K), 1 survivors (1024K)
 Metaspace       used 153K, committed 384K, reserved 1114112K
  class space    used 4K, committed 128K, reserved 1048576K
}
Event: 4.548 GC heap before
{Heap before GC invocations=10 (full 0):
 garbage-first heap   total 103424K, used 59991K [0x00000000c3600000, 0x0000000100000000)
  region size 1024K, 60 young (61440K), 1 survivors (1024K)
 Metaspace       used 153K, committed 384K, reserved 1114112K
  class space    used 4K, committed 128K, reserved 1048576K
}
Event: 4.550 GC heap after
{Heap after GC invocations=11 (full 0):
 garbage-first heap   total 103424K, used 566K [0x00000000c3600000, 0x0000000100000000)
  region size 1024K, 1 young (1024K), 1 survivors (1024K)
 Metaspace       used 153K, committed 384K, reserved 1114112K
  class space    used 4K, committed 128K, reserved 1048576K
}
Event: 4.838 GC heap before
{Heap before GC invocations=11 (full 0):
 garbage-first heap   total 103424K, used 59958K [0x00000000c3600000, 0x0000000100000000)
  region size 1024K, 60 young (61440K), 1 survivors (1024K)
 Metaspace       used 153K, committed 384K, reserved 1114112K
  class space    used 4K, committed 128K, reserved 1048576K
}
Event: 4.841 GC heap after
{Heap after GC invocations=12 (full 0):
 garbage-first heap   total 103424K, used 628K [0x00000000c3600000, 0x0000000100000000)
  region size 1024K, 1 young (1024K), 1 survivors (1024K)
 Metaspace       used 153K, committed 384K, reserved 1114112K
  class space    used 4K, committed 128K, reserved 1048576K
}
Event: 4.858 GC heap before
{Heap before GC invocations=12 (full 0):
 garbage-first heap   total 103424K, used 60020K [0x00000000c3600000, 0x0000000100000000)
  region size 1024K, 60 young (61440K), 1 survivors (1024K)
 Metaspace       used 153K, committed 384K, reserved 1114112K
  class space    used 4K, committed 128K, reserved 1048576K
}
Event: 4.861 GC heap after
{Heap after GC invocations=13 (full 0):
 garbage-first heap   total 103424K, used 615K [0x00000000c3600000, 0x0000000100000000)
  region size 1024K, 1 young (1024K), 1 survivors (1024K)
 Metaspace       used 153K, committed 384K, reserved 1114112K
  class space    used 4K, committed 128K, reserved 1048576K
}
Event: 5.111 GC heap before
{Heap before GC invocations=13 (full 0):
 garbage-first heap   total 103424K, used 60007K [0x00000000c3600000, 0x0000000100000000)
  region size 1024K, 60 young (61440K), 1 survivors (1024K)
 Metaspace       used 153K, committed 384K, reserved 1114112K
  class space    used 4K, committed 128K, reserved 1048576K
}

Dll operation events (2 events):
Event: 0.217 Loaded shared library C:\Program Files\Java\jdk-19\bin\java.dll
Event: 0.563 Loaded shared library C:\Program Files\Java\jdk-19\bin\jsvml.dll

Deoptimization events (0 events):
No events

Classes loaded (4 events):
Event: 2.556 Loading class jdk/internal/loader/URLClassPath$FileLoader
Event: 2.556 Loading class jdk/internal/loader/URLClassPath$FileLoader done
Event: 2.560 Loading class jdk/internal/loader/URLClassPath$FileLoader$1
Event: 2.561 Loading class jdk/internal/loader/URLClassPath$FileLoader$1 done

Classes unloaded (0 events):
No events

Classes redefined (0 events):
No events

Internal exceptions (0 events):
No events

VM Operations (20 events):
Event: 3.364 Executing VM operation: G1CollectForAllocation done
Event: 3.383 Executing VM operation: G1CollectForAllocation
Event: 3.388 Executing VM operation: G1CollectForAllocation done
Event: 3.949 Executing VM operation: G1CollectForAllocation
Event: 3.951 Executing VM operation: G1CollectForAllocation done
Event: 3.987 Executing VM operation: G1CollectForAllocation
Event: 3.989 Executing VM operation: G1CollectForAllocation done
Event: 4.215 Executing VM operation: G1CollectForAllocation
Event: 4.216 Executing VM operation: G1CollectForAllocation done
Event: 4.377 Executing VM operation: G1CollectForAllocation
Event: 4.378 Executing VM operation: G1CollectForAllocation done
Event: 4.399 Executing VM operation: G1CollectForAllocation
Event: 4.401 Executing VM operation: G1CollectForAllocation done
Event: 4.548 Executing VM operation: G1CollectForAllocation
Event: 4.550 Executing VM operation: G1CollectForAllocation done
Event: 4.838 Executing VM operation: G1CollectForAllocation
Event: 4.841 Executing VM operation: G1CollectForAllocation done
Event: 4.858 Executing VM operation: G1CollectForAllocation
Event: 4.861 Executing VM operation: G1CollectForAllocation done
Event: 5.111 Executing VM operation: G1CollectForAllocation

Events (12 events):
Event: 0.564 Thread 0x000001d6fb9c1430 Thread added: 0x000001d6fb9c1430
Event: 1.114 Thread 0x000001d6971d83f0 Thread added: 0x000001d6971d83f0
Event: 1.414 Thread 0x000001d6971dbdf0 Thread added: 0x000001d6971dbdf0
Event: 1.584 Thread 0x000001d6971dd960 Thread added: 0x000001d6971dd960
Event: 1.672 Thread 0x000001d6971df2a0 Thread added: 0x000001d6971df2a0
Event: 1.714 Thread 0x000001d6971e0650 Thread added: 0x000001d6971e0650
Event: 1.810 Thread 0x000001d6971e4f00 Thread added: 0x000001d6971e4f00
Event: 1.886 Thread 0x000001d6971e9600 Thread added: 0x000001d6971e9600
Event: 1.969 Thread 0x000001d697251650 Thread added: 0x000001d697251650
Event: 2.103 Thread 0x000001d69725a950 Thread added: 0x000001d69725a950
Event: 2.357 Thread 0x000001d69b46f500 Thread added: 0x000001d69b46f500
Event: 2.954 Thread 0x000001d69b47e710 Thread added: 0x000001d69b47e710


Dynamic libraries:
0x00007ff6f7590000 - 0x00007ff6f75a0000 	C:\Program Files\Java\jdk-19\bin\javaw.exe
0x00007ffb6ebd0000 - 0x00007ffb6edc8000 	C:\Windows\SYSTEM32\ntdll.dll
0x00007ffb6e830000 - 0x00007ffb6e8f2000 	C:\Windows\System32\KERNEL32.DLL
0x00007ffb6c8f0000 - 0x00007ffb6cbe6000 	C:\Windows\System32\KERNELBASE.dll
0x00007ffb6c320000 - 0x00007ffb6c420000 	C:\Windows\System32\ucrtbase.dll
0x00007ffb5f240000 - 0x00007ffb5f258000 	C:\Program Files\Java\jdk-19\bin\jli.dll
0x00007ffb6cd20000 - 0x00007ffb6cdd1000 	C:\Windows\System32\ADVAPI32.dll
0x00007ffb6d350000 - 0x00007ffb6d3ee000 	C:\Windows\System32\msvcrt.dll
0x00007ffb6cbf0000 - 0x00007ffb6cc8f000 	C:\Windows\System32\sechost.dll
0x00007ffb6e1c0000 - 0x00007ffb6e2e3000 	C:\Windows\System32\RPCRT4.dll
0x00007ffb6c7a0000 - 0x00007ffb6c7c7000 	C:\Windows\System32\bcrypt.dll
0x00007ffb6cde0000 - 0x00007ffb6cf7d000 	C:\Windows\System32\USER32.dll
0x00007ffb6c2f0000 - 0x00007ffb6c312000 	C:\Windows\System32\win32u.dll
0x00007ffb6e900000 - 0x00007ffb6e92b000 	C:\Windows\System32\GDI32.dll
0x00007ffb6c7d0000 - 0x00007ffb6c8e9000 	C:\Windows\System32\gdi32full.dll
0x00007ffb6c5a0000 - 0x00007ffb6c63d000 	C:\Windows\System32\msvcp_win.dll
0x00007ffb2ec70000 - 0x00007ffb2ec8b000 	C:\Program Files\Java\jdk-19\bin\VCRUNTIME140.dll
0x00007ffb49ab0000 - 0x00007ffb49d4a000 	C:\Windows\WinSxS\amd64_microsoft.windows.common-controls_6595b64144ccf1df_6.0.19041.5915_none_60b4b9d171f9c7c7\COMCTL32.dll
0x00007ffb62600000 - 0x00007ffb6260a000 	C:\Windows\SYSTEM32\VERSION.dll
0x00007ffb6e650000 - 0x00007ffb6e67f000 	C:\Windows\System32\IMM32.DLL
0x00007ffb626a0000 - 0x00007ffb626ac000 	C:\Program Files\Java\jdk-19\bin\vcruntime140_1.dll
0x00007ffb27d80000 - 0x00007ffb27e0e000 	C:\Program Files\Java\jdk-19\bin\msvcp140.dll
0x00007ffafa3e0000 - 0x00007ffafb0a0000 	C:\Program Files\Java\jdk-19\bin\server\jvm.dll
0x00007ffb573f0000 - 0x00007ffb573f9000 	C:\Windows\SYSTEM32\WSOCK32.dll
0x00007ffb6eb20000 - 0x00007ffb6eb8b000 	C:\Windows\System32\WS2_32.dll
0x00007ffb57830000 - 0x00007ffb57857000 	C:\Windows\SYSTEM32\WINMM.dll
0x00007ffb6aa40000 - 0x00007ffb6aa52000 	C:\Windows\SYSTEM32\kernel.appcore.dll
0x00007ffb62300000 - 0x00007ffb6230a000 	C:\Program Files\Java\jdk-19\bin\jimage.dll
0x00007ffb69e30000 - 0x00007ffb6a031000 	C:\Windows\SYSTEM32\DBGHELP.DLL
0x00007ffb5f320000 - 0x00007ffb5f354000 	C:\Windows\SYSTEM32\dbgcore.DLL
0x00007ffb6c260000 - 0x00007ffb6c2e2000 	C:\Windows\System32\bcryptPrimitives.dll
0x00007ffb2c620000 - 0x00007ffb2c646000 	C:\Program Files\Java\jdk-19\bin\java.dll
0x00007ffb22960000 - 0x00007ffb22a37000 	C:\Program Files\Java\jdk-19\bin\jsvml.dll
0x00007ffb6d970000 - 0x00007ffb6e0de000 	C:\Windows\System32\SHELL32.dll
0x00007ffb6a280000 - 0x00007ffb6aa24000 	C:\Windows\SYSTEM32\windows.storage.dll
0x00007ffb6e2f0000 - 0x00007ffb6e643000 	C:\Windows\System32\combase.dll
0x00007ffb6bbc0000 - 0x00007ffb6bbeb000 	C:\Windows\SYSTEM32\Wldp.dll
0x00007ffb6e930000 - 0x00007ffb6e9fd000 	C:\Windows\System32\OLEAUT32.dll
0x00007ffb6d450000 - 0x00007ffb6d4fd000 	C:\Windows\System32\SHCORE.dll
0x00007ffb6e690000 - 0x00007ffb6e6eb000 	C:\Windows\System32\shlwapi.dll
0x00007ffb6c190000 - 0x00007ffb6c1b5000 	C:\Windows\SYSTEM32\profapi.dll

dbghelp: loaded successfully - version: 4.0.5 - missing functions: none
symbol engine: initialized successfully - sym options: 0x614 - pdb path: .;C:\Program Files\Java\jdk-19\bin;C:\Windows\SYSTEM32;C:\Windows\WinSxS\amd64_microsoft.windows.common-controls_6595b64144ccf1df_6.0.19041.5915_none_60b4b9d171f9c7c7;C:\Program Files\Java\jdk-19\bin\server

VM Arguments:
jvm_args: -Dfile.encoding=UTF-8 -XX:+ShowCodeDetailsInExceptionMessages 
java_command: pattern
java_class_path (initial): C:\Users\User\eclipse-workspace\Programs_destination\bin
Launcher Type: SUN_STANDARD

[Global flags]
     intx CICompilerCount                          = 3                                         {product} {ergonomic}
     uint ConcGCThreads                            = 1                                         {product} {ergonomic}
     uint G1ConcRefinementThreads                  = 4                                         {product} {ergonomic}
   size_t G1HeapRegionSize                         = 1048576                                   {product} {ergonomic}
    uintx GCDrainStackTargetSize                   = 64                                        {product} {ergonomic}
   size_t InitialHeapSize                          = 65011712                                  {product} {ergonomic}
   size_t MarkStackSize                            = 4194304                                   {product} {ergonomic}
   size_t MaxHeapSize                              = 1017118720                                {product} {ergonomic}
   size_t MaxNewSize                               = 610271232                                 {product} {ergonomic}
   size_t MinHeapDeltaBytes                        = 1048576                                   {product} {ergonomic}
   size_t MinHeapSize                              = 8388608                                   {product} {ergonomic}
    uintx NonNMethodCodeHeapSize                   = 5832780                                {pd product} {ergonomic}
    uintx NonProfiledCodeHeapSize                  = 122912730                              {pd product} {ergonomic}
    uintx ProfiledCodeHeapSize                     = 122912730                              {pd product} {ergonomic}
    uintx ReservedCodeCacheSize                    = 251658240                              {pd product} {ergonomic}
     bool SegmentedCodeCache                       = true                                      {product} {ergonomic}
     bool ShowCodeDetailsInExceptionMessages       = true                                   {manageable} {command line}
   size_t SoftMaxHeapSize                          = 1017118720                             {manageable} {ergonomic}
     bool UseCompressedClassPointers               = true                           {product lp64_product} {ergonomic}
     bool UseCompressedOops                        = true                           {product lp64_product} {ergonomic}
     bool UseG1GC                                  = true                                      {product} {ergonomic}
     bool UseLargePagesIndividualAllocation        = false                                  {pd product} {ergonomic}

Logging:
Log output configuration:
 #0: stdout all=warning uptime,level,tags foldmultilines=false
 #1: stderr all=off uptime,level,tags foldmultilines=false

Environment Variables:
JAVA_HOME=C:\Program Files\Java\jdk-19
PATH=C:/Program Files/Eclipse Adoptium/jdk-21.0.6.7-hotspot/bin/server;C:/Program Files/Eclipse Adoptium/jdk-21.0.6.7-hotspot/bin;C:\Program Files\Eclipse Adoptium\jdk-21.0.6.7-hotspot\bin;C:\Python312\Scripts\;C:\Python312\;C:\Program Files\Common Files\Oracle\Java\javapath;C:\Program Files (x86)\Common Files\Oracle\Java\java8path;C:\Program Files (x86)\Common Files\Oracle\Java\javapath;C:\Windows\system32;C:\Windows;C:\Windows\System32\Wbem;C:\Windows\System32\WindowsPowerShell\v1.0\;C:\Windows\System32\OpenSSH\;C:\Program Files\Java\jdk-19\bin;C:\ProgramData\chocolatey\bin;C:\Program Files\nodejs\;C:\Program Files\Git\cmd;C:\Program Files\Java\jdk-19;C:\Program Files\MySQL\MySQL Shell 8.0\bin\;C:\Users\User\AppData\Local\Microsoft\WindowsApps;C:\Users\User\AppData\Local\Programs\Microsoft VS Code\bin;C:\Users\User\AppData\Roaming\npm;C:\Program Files\sf\bin;C:\Users\User\.bun\bin;C:\Windows\System32;
USERNAME=User
OS=Windows_NT
PROCESSOR_IDENTIFIER=Intel64 Family 6 Model 126 Stepping 5, GenuineIntel
TMP=C:\Users\User\AppData\Local\Temp
TEMP=C:\Users\User\AppData\Local\Temp



---------------  S Y S T E M  ---------------

OS:
 Windows 10 , 64 bit Build 19041 (10.0.19041.5915)
OS uptime: 7 days 15:07 hours

CPU: total 4 (initial active 4) (2 cores per cpu, 2 threads per core) family 6 model 126 stepping 5 microcode 0xa6, cx8, cmov, fxsr, ht, mmx, 3dnowpref, sse, sse2, sse3, ssse3, sse4.1, sse4.2, popcnt, lzcnt, tsc, tscinvbit, avx, avx2, aes, erms, clmul, bmi1, bmi2, adx, avx512f, avx512dq, avx512cd, avx512bw, avx512vl, sha, fma, vzeroupper, avx512_vpopcntdq, avx512_vpclmulqdq, avx512_vaes, avx512_vnni, clflush, clflushopt, avx512_vbmi2, avx512_vbmi, rdtscp, rdpid, fsrm, gfni, avx512_bitalg

Memory: 4k page, system-wide physical 3877M (66M free)
TotalPageFile size 15653M (AvailPageFile size 101M)
current process WorkingSet (physical memory assigned to process): 101M, peak: 103M
current process commit charge ("private bytes"): 174M, peak: 275M

vm_info: Java HotSpot(TM) 64-Bit Server VM (19+36-2238) for windows-amd64 JRE (19+36-2238), built on 2022-08-12T20:29:01Z by "mach5one" with MS VC++ 17.1 (VS2022)

END.
